{"C:\\Users\\Chris\\1_welcome\\gclone-client\\js\\api.js": {"path":"C:\\Users\\Chris\\1_welcome\\gclone-client\\js\\api.js","statementMap":{"0":{"start":{"line":4,"column":21},"end":{"line":13,"column":6}},"1":{"start":{"line":14,"column":4},"end":{"line":14,"column":27}},"2":{"start":{"line":17,"column":2},"end":{"line":19,"column":3}}},"fnMap":{"0":{"name":"getData","decl":{"start":{"line":2,"column":15},"end":{"line":2,"column":22}},"loc":{"start":{"line":2,"column":33},"end":{"line":15,"column":3}},"line":2}},"branchMap":{"0":{"loc":{"start":{"line":2,"column":23},"end":{"line":2,"column":31}},"type":"default-arg","locations":[{"start":{"line":2,"column":29},"end":{"line":2,"column":31}}],"line":2}},"s":{"0":0,"1":0,"2":1},"f":{"0":0},"b":{"0":[0]},"_coverageSchema":"1a1c01bbd47fc00a2c39e90264f33305004495a9","hash":"d8c1bbd2292de7d81e2f1432555e9ff42dd36219"}
,"C:\\Users\\Chris\\1_welcome\\gclone-client\\js\\handlers.js": {"path":"C:\\Users\\Chris\\1_welcome\\gclone-client\\js\\handlers.js","statementMap":{"0":{"start":{"line":2,"column":23},"end":{"line":2,"column":77}},"1":{"start":{"line":3,"column":17},"end":{"line":3,"column":47}},"2":{"start":{"line":4,"column":24},"end":{"line":4,"column":79}},"3":{"start":{"line":5,"column":18},"end":{"line":5,"column":46}},"4":{"start":{"line":6,"column":4},"end":{"line":6,"column":34}},"5":{"start":{"line":7,"column":4},"end":{"line":7,"column":43}},"6":{"start":{"line":8,"column":4},"end":{"line":8,"column":55}},"7":{"start":{"line":9,"column":4},"end":{"line":9,"column":36}},"8":{"start":{"line":10,"column":4},"end":{"line":10,"column":34}},"9":{"start":{"line":11,"column":4},"end":{"line":11,"column":26}},"10":{"start":{"line":12,"column":4},"end":{"line":12,"column":33}},"11":{"start":{"line":13,"column":4},"end":{"line":13,"column":31}},"12":{"start":{"line":16,"column":17},"end":{"line":16,"column":53}},"13":{"start":{"line":18,"column":4},"end":{"line":23,"column":5}},"14":{"start":{"line":19,"column":8},"end":{"line":19,"column":39}},"15":{"start":{"line":22,"column":8},"end":{"line":22,"column":39}},"16":{"start":{"line":26,"column":0},"end":{"line":29,"column":1}}},"fnMap":{"0":{"name":"layoutChange","decl":{"start":{"line":1,"column":9},"end":{"line":1,"column":21}},"loc":{"start":{"line":1,"column":24},"end":{"line":14,"column":1}},"line":1},"1":{"name":"renderInputClear","decl":{"start":{"line":17,"column":9},"end":{"line":17,"column":25}},"loc":{"start":{"line":17,"column":32},"end":{"line":24,"column":1}},"line":17}},"branchMap":{"0":{"loc":{"start":{"line":18,"column":4},"end":{"line":23,"column":5}},"type":"if","locations":[{"start":{"line":18,"column":4},"end":{"line":23,"column":5}},{"start":{"line":18,"column":4},"end":{"line":23,"column":5}}],"line":18}},"s":{"0":0,"1":0,"2":0,"3":0,"4":0,"5":0,"6":0,"7":0,"8":0,"9":0,"10":0,"11":0,"12":1,"13":0,"14":0,"15":0,"16":1},"f":{"0":0,"1":0},"b":{"0":[0,0]},"_coverageSchema":"1a1c01bbd47fc00a2c39e90264f33305004495a9","hash":"fbfb23ab3feb0d74211a4087ab1114abd26c6e50"}
,"C:\\Users\\Chris\\1_welcome\\gclone-client\\js\\listeners.js": {"path":"C:\\Users\\Chris\\1_welcome\\gclone-client\\js\\listeners.js","statementMap":{"0":{"start":{"line":1,"column":17},"end":{"line":1,"column":33}},"1":{"start":{"line":2,"column":21},"end":{"line":2,"column":42}},"2":{"start":{"line":5,"column":18},"end":{"line":5,"column":55}},"3":{"start":{"line":8,"column":4},"end":{"line":8,"column":93}},"4":{"start":{"line":8,"column":46},"end":{"line":8,"column":92}},"5":{"start":{"line":12,"column":21},"end":{"line":12,"column":57}},"6":{"start":{"line":13,"column":4},"end":{"line":17,"column":6}},"7":{"start":{"line":14,"column":8},"end":{"line":14,"column":26}},"8":{"start":{"line":15,"column":8},"end":{"line":15,"column":28}},"9":{"start":{"line":16,"column":8},"end":{"line":16,"column":39}},"10":{"start":{"line":22,"column":4},"end":{"line":43,"column":6}},"11":{"start":{"line":23,"column":8},"end":{"line":23,"column":26}},"12":{"start":{"line":24,"column":22},"end":{"line":24,"column":37}},"13":{"start":{"line":25,"column":8},"end":{"line":42,"column":9}},"14":{"start":{"line":26,"column":12},"end":{"line":26,"column":80}},"15":{"start":{"line":26,"column":34},"end":{"line":26,"column":80}},"16":{"start":{"line":27,"column":25},"end":{"line":27,"column":88}},"17":{"start":{"line":30,"column":28},"end":{"line":30,"column":68}},"18":{"start":{"line":31,"column":12},"end":{"line":31,"column":35}},"19":{"start":{"line":37,"column":12},"end":{"line":37,"column":33}},"20":{"start":{"line":38,"column":12},"end":{"line":38,"column":39}},"21":{"start":{"line":40,"column":12},"end":{"line":40,"column":22}},"22":{"start":{"line":41,"column":12},"end":{"line":41,"column":21}},"23":{"start":{"line":47,"column":4},"end":{"line":59,"column":6}},"24":{"start":{"line":48,"column":8},"end":{"line":48,"column":26}},"25":{"start":{"line":49,"column":22},"end":{"line":49,"column":37}},"26":{"start":{"line":50,"column":8},"end":{"line":58,"column":9}},"27":{"start":{"line":51,"column":12},"end":{"line":51,"column":80}},"28":{"start":{"line":51,"column":34},"end":{"line":51,"column":80}},"29":{"start":{"line":52,"column":25},"end":{"line":52,"column":94}},"30":{"start":{"line":53,"column":12},"end":{"line":53,"column":38}},"31":{"start":{"line":54,"column":12},"end":{"line":54,"column":48}},"32":{"start":{"line":56,"column":12},"end":{"line":56,"column":22}},"33":{"start":{"line":57,"column":12},"end":{"line":57,"column":21}},"34":{"start":{"line":89,"column":4},"end":{"line":89,"column":53}},"35":{"start":{"line":89,"column":27},"end":{"line":89,"column":51}},"36":{"start":{"line":94,"column":20},"end":{"line":94,"column":60}},"37":{"start":{"line":95,"column":22},"end":{"line":95,"column":51}},"38":{"start":{"line":98,"column":4},"end":{"line":102,"column":5}},"39":{"start":{"line":99,"column":8},"end":{"line":99,"column":48}},"40":{"start":{"line":101,"column":8},"end":{"line":101,"column":35}},"41":{"start":{"line":105,"column":4},"end":{"line":105,"column":39}},"42":{"start":{"line":107,"column":15},"end":{"line":107,"column":42}},"43":{"start":{"line":108,"column":21},"end":{"line":108,"column":31}},"44":{"start":{"line":109,"column":4},"end":{"line":109,"column":41}},"45":{"start":{"line":111,"column":22},"end":{"line":111,"column":48}},"46":{"start":{"line":113,"column":4},"end":{"line":113,"column":44}},"47":{"start":{"line":115,"column":22},"end":{"line":115,"column":49}},"48":{"start":{"line":116,"column":4},"end":{"line":116,"column":45}},"49":{"start":{"line":118,"column":4},"end":{"line":118,"column":27}},"50":{"start":{"line":119,"column":4},"end":{"line":119,"column":34}},"51":{"start":{"line":120,"column":4},"end":{"line":120,"column":30}},"52":{"start":{"line":124,"column":0},"end":{"line":130,"column":1}}},"fnMap":{"0":{"name":"searchBarHelper","decl":{"start":{"line":7,"column":9},"end":{"line":7,"column":24}},"loc":{"start":{"line":7,"column":27},"end":{"line":9,"column":1}},"line":7},"1":{"name":"(anonymous_1)","decl":{"start":{"line":8,"column":40},"end":{"line":8,"column":41}},"loc":{"start":{"line":8,"column":46},"end":{"line":8,"column":92}},"line":8},"2":{"name":"clearBtnHelper","decl":{"start":{"line":11,"column":9},"end":{"line":11,"column":23}},"loc":{"start":{"line":11,"column":26},"end":{"line":18,"column":1}},"line":11},"3":{"name":"(anonymous_3)","decl":{"start":{"line":13,"column":39},"end":{"line":13,"column":40}},"loc":{"start":{"line":13,"column":46},"end":{"line":17,"column":5}},"line":13},"4":{"name":"searchButton","decl":{"start":{"line":21,"column":9},"end":{"line":21,"column":21}},"loc":{"start":{"line":21,"column":24},"end":{"line":44,"column":1}},"line":21},"5":{"name":"(anonymous_5)","decl":{"start":{"line":22,"column":71},"end":{"line":22,"column":72}},"loc":{"start":{"line":22,"column":84},"end":{"line":43,"column":5}},"line":22},"6":{"name":"luckyButton","decl":{"start":{"line":46,"column":9},"end":{"line":46,"column":20}},"loc":{"start":{"line":46,"column":23},"end":{"line":60,"column":1}},"line":46},"7":{"name":"(anonymous_7)","decl":{"start":{"line":47,"column":70},"end":{"line":47,"column":71}},"loc":{"start":{"line":47,"column":83},"end":{"line":59,"column":5}},"line":47},"8":{"name":"appendList","decl":{"start":{"line":87,"column":9},"end":{"line":87,"column":19}},"loc":{"start":{"line":87,"column":25},"end":{"line":90,"column":1}},"line":87},"9":{"name":"(anonymous_9)","decl":{"start":{"line":89,"column":17},"end":{"line":89,"column":18}},"loc":{"start":{"line":89,"column":27},"end":{"line":89,"column":51}},"line":89},"10":{"name":"generateListItem","decl":{"start":{"line":92,"column":9},"end":{"line":92,"column":25}},"loc":{"start":{"line":92,"column":33},"end":{"line":121,"column":1}},"line":92}},"branchMap":{"0":{"loc":{"start":{"line":26,"column":12},"end":{"line":26,"column":80}},"type":"if","locations":[{"start":{"line":26,"column":12},"end":{"line":26,"column":80}},{"start":{"line":26,"column":12},"end":{"line":26,"column":80}}],"line":26},"1":{"loc":{"start":{"line":51,"column":12},"end":{"line":51,"column":80}},"type":"if","locations":[{"start":{"line":51,"column":12},"end":{"line":51,"column":80}},{"start":{"line":51,"column":12},"end":{"line":51,"column":80}}],"line":51},"2":{"loc":{"start":{"line":98,"column":4},"end":{"line":102,"column":5}},"type":"if","locations":[{"start":{"line":98,"column":4},"end":{"line":102,"column":5}},{"start":{"line":98,"column":4},"end":{"line":102,"column":5}}],"line":98}},"s":{"0":1,"1":1,"2":1,"3":0,"4":0,"5":0,"6":0,"7":0,"8":0,"9":0,"10":0,"11":0,"12":0,"13":0,"14":0,"15":0,"16":0,"17":0,"18":0,"19":0,"20":0,"21":0,"22":0,"23":0,"24":0,"25":0,"26":0,"27":0,"28":0,"29":0,"30":0,"31":0,"32":0,"33":0,"34":1,"35":1,"36":1,"37":1,"38":1,"39":0,"40":1,"41":1,"42":1,"43":1,"44":1,"45":1,"46":1,"47":1,"48":1,"49":1,"50":1,"51":1,"52":1},"f":{"0":0,"1":0,"2":0,"3":0,"4":0,"5":0,"6":0,"7":0,"8":1,"9":1,"10":1},"b":{"0":[0,0],"1":[0,0],"2":[0,1]},"_coverageSchema":"1a1c01bbd47fc00a2c39e90264f33305004495a9","hash":"b7e2c61e5102b4fdf14e7c5d37e16de4015631ca"}
}
