TN:
SF:js\api.js
FN:2,getData
FNF:1
FNH:0
FNDA:0,getData
DA:4,0
DA:14,0
DA:17,1
LF:3
LH:1
BRDA:2,0,0,0
BRF:1
BRH:0
end_of_record
TN:
SF:js\handlers.js
FN:1,layoutChange
FN:17,renderInputClear
FNF:2
FNH:0
FNDA:0,layoutChange
FNDA:0,renderInputClear
DA:2,0
DA:3,0
DA:4,0
DA:5,0
DA:6,0
DA:7,0
DA:8,0
DA:9,0
DA:10,0
DA:11,0
DA:12,0
DA:13,0
DA:16,1
DA:18,0
DA:19,0
DA:22,0
DA:26,1
LF:17
LH:2
BRDA:18,0,0,0
BRDA:18,0,1,0
BRF:2
BRH:0
end_of_record
TN:
SF:js\listeners.js
FN:7,searchBarHelper
FN:8,(anonymous_1)
FN:11,clearBtnHelper
FN:13,(anonymous_3)
FN:21,searchButton
FN:22,(anonymous_5)
FN:46,luckyButton
FN:47,(anonymous_7)
FN:87,appendList
FN:89,(anonymous_9)
FN:92,generateListItem
FNF:11
FNH:3
FNDA:0,searchBarHelper
FNDA:0,(anonymous_1)
FNDA:0,clearBtnHelper
FNDA:0,(anonymous_3)
FNDA:0,searchButton
FNDA:0,(anonymous_5)
FNDA:0,luckyButton
FNDA:0,(anonymous_7)
FNDA:1,appendList
FNDA:1,(anonymous_9)
FNDA:1,generateListItem
DA:1,1
DA:2,1
DA:5,1
DA:8,0
DA:12,0
DA:13,0
DA:14,0
DA:15,0
DA:16,0
DA:22,0
DA:23,0
DA:24,0
DA:25,0
DA:26,0
DA:27,0
DA:30,0
DA:31,0
DA:37,0
DA:38,0
DA:40,0
DA:41,0
DA:47,0
DA:48,0
DA:49,0
DA:50,0
DA:51,0
DA:52,0
DA:53,0
DA:54,0
DA:56,0
DA:57,0
DA:89,1
DA:94,1
DA:95,1
DA:98,1
DA:99,0
DA:101,1
DA:105,1
DA:107,1
DA:108,1
DA:109,1
DA:111,1
DA:113,1
DA:115,1
DA:116,1
DA:118,1
DA:119,1
DA:120,1
DA:124,1
LF:49
LH:20
BRDA:26,0,0,0
BRDA:26,0,1,0
BRDA:51,1,0,0
BRDA:51,1,1,0
BRDA:98,2,0,0
BRDA:98,2,1,1
BRF:6
BRH:1
end_of_record
